<?xml version="1.0" encoding="UTF-8"?>

<beans xmlns="http://www.springframework.org/schema/beans"
	xmlns:xsi="http://www.w3.org/2001/XMLSchema-instance" xmlns:context="http://www.springframework.org/schema/context"
	xmlns:jee="http://www.springframework.org/schema/jee" xmlns:tx="http://www.springframework.org/schema/tx"
	xsi:schemaLocation="http://www.springframework.org/schema/beans http://www.springframework.org/schema/beans/spring-beans.xsd
			http://www.springframework.org/schema/tx http://www.springframework.org/schema/tx/spring-tx.xsd
            http://www.springframework.org/schema/context http://www.springframework.org/schema/context/spring-context.xsd
                  http://www.springframework.org/schema/jee http://www.springframework.org/schema/jee/spring-jee.xsd">

	<context:property-placeholder location="classpath:spring-hibernate.properties" />

	<context:component-scan base-package="br.com.synchro.handson.*" />
		
	<bean id="dataSource" class="org.springframework.jdbc.datasource.DriverManagerDataSource">
        <property name="driverClassName" value="${spring.hibernate.driver}" />
        <property name="url" value="${spring.hibernate.url}"/>
        <property name="username" value="${spring.hibernate.user}" />
        <property name="password" value="${spring.hibernate.pass}"/>         
    </bean>
	
	<bean id="sessionFactory" class="org.springframework.orm.hibernate4.LocalSessionFactoryBean">		
		<property name="dataSource">
   			<ref bean="dataSource"/>
  		</property>
  		
		<property name="hibernateProperties">
        	<props>            	
            	<prop key="hibernate.dialect">${spring.hibernate.dialect}</prop>
            	<prop key="hibernate.format_sql">${spring.hibernate.format_sql}</prop>
            	<prop key="hibernate.show_sql">${spring.hibernate.show_sql}</prop>
      		</props>
      	</property>
        
      	<property name="packagesToScan">
      		<array>
      			<value>br.com.synchro.handson.domain</value>      			          	            	
         	</array>
    	</property> 			
    </bean>
     
    <bean id="transactionManager" class="org.springframework.orm.hibernate4.HibernateTransactionManager">
    	<property name="sessionFactory" ref="sessionFactory" />
    </bean>
     
    <tx:annotation-driven transaction-manager="transactionManager" />   
    
    <!-- <bean id="restTemplate" class="org.springframework.web.client.RestTemplate" /> -->
	
</beans>